C:\USERS\MAGNO\DOCUMENTS\VISUAL STUDIO 2012\PROJECTS\HANOI_TOWERPROJECT\HANOI_TOWERPROJECT\DEBUG\DISCO.OBJ
C:\USERS\MAGNO\DOCUMENTS\VISUAL STUDIO 2012\PROJECTS\HANOI_TOWERPROJECT\HANOI_TOWERPROJECT\DEBUG\GAME.OBJ
C:\USERS\MAGNO\DOCUMENTS\VISUAL STUDIO 2012\PROJECTS\HANOI_TOWERPROJECT\HANOI_TOWERPROJECT\DEBUG\PINO.OBJ
C:\USERS\MAGNO\DOCUMENTS\VISUAL STUDIO 2012\PROJECTS\HANOI_TOWERPROJECT\HANOI_TOWERPROJECT\DEBUG\VC110.PDB
C:\USERS\MAGNO\DOCUMENTS\VISUAL STUDIO 2012\PROJECTS\HANOI_TOWERPROJECT\DEBUG\HANOI_TOWERPROJECT.ILK
C:\USERS\MAGNO\DOCUMENTS\VISUAL STUDIO 2012\PROJECTS\HANOI_TOWERPROJECT\DEBUG\HANOI_TOWERPROJECT.EXE
C:\USERS\MAGNO\DOCUMENTS\VISUAL STUDIO 2012\PROJECTS\HANOI_TOWERPROJECT\DEBUG\HANOI_TOWERPROJECT.PDB
C:\Users\Magno\Documents\Visual Studio 2012\Projects\Hanoi_TowerProject\Hanoi_TowerProject\Debug\Disco.obj
C:\Users\Magno\Documents\Visual Studio 2012\Projects\Hanoi_TowerProject\Hanoi_TowerProject\Debug\Game.obj
C:\Users\Magno\Documents\Visual Studio 2012\Projects\Hanoi_TowerProject\Hanoi_TowerProject\Debug\Pino.obj
C:\Users\Magno\Documents\Visual Studio 2012\Projects\Hanoi_TowerProject\Hanoi_TowerProject\Debug\cl.command.1.tlog
C:\Users\Magno\Documents\Visual Studio 2012\Projects\Hanoi_TowerProject\Hanoi_TowerProject\Debug\CL.read.1.tlog
C:\Users\Magno\Documents\Visual Studio 2012\Projects\Hanoi_TowerProject\Hanoi_TowerProject\Debug\CL.write.1.tlog
C:\Users\Magno\Documents\Visual Studio 2012\Projects\Hanoi_TowerProject\Hanoi_TowerProject\Debug\link-cvtres.read.1.tlog
C:\Users\Magno\Documents\Visual Studio 2012\Projects\Hanoi_TowerProject\Hanoi_TowerProject\Debug\link-cvtres.write.1.tlog
C:\Users\Magno\Documents\Visual Studio 2012\Projects\Hanoi_TowerProject\Hanoi_TowerProject\Debug\link-rc.read.1.tlog
C:\Users\Magno\Documents\Visual Studio 2012\Projects\Hanoi_TowerProject\Hanoi_TowerProject\Debug\link-rc.write.1.tlog
C:\Users\Magno\Documents\Visual Studio 2012\Projects\Hanoi_TowerProject\Hanoi_TowerProject\Debug\link.command.1.tlog
C:\Users\Magno\Documents\Visual Studio 2012\Projects\Hanoi_TowerProject\Hanoi_TowerProject\Debug\link.read.1.tlog
C:\Users\Magno\Documents\Visual Studio 2012\Projects\Hanoi_TowerProject\Hanoi_TowerProject\Debug\link.write.1.tlog
C:\Users\Magno\Documents\Visual Studio 2012\Projects\Hanoi_TowerProject\Hanoi_TowerProject\Debug\vc110.idb
C:\Users\Magno\Documents\Visual Studio 2012\Projects\Hanoi_TowerProject\Hanoi_TowerProject\Debug\vc110.pdb
C:\Users\Magno\Documents\Visual Studio 2012\Projects\Hanoi_TowerProject\Debug\Hanoi_TowerProject.pdb
C:\Users\Magno\Documents\Visual Studio 2012\Projects\Hanoi_TowerProject\Debug\Hanoi_TowerProject.exe
C:\Users\Magno\Documents\Visual Studio 2012\Projects\Hanoi_TowerProject\Debug\Hanoi_TowerProject.ilk
